2020-06-15 18:07:02.601 [restartedMain] INFO  com.SpringbootWebApplication - Starting SpringbootWebApplication on localhost with PID 9064 (/Users/chenchao/Downloads/cloudH/java学习资料/springboot-web/target/classes started by chenchao in /Users/chenchao/Downloads/cloudH/java学习资料/springboot-web)
2020-06-15 18:07:02.602 [restartedMain] INFO  com.SpringbootWebApplication - No active profile set, falling back to default profiles: default
2020-06-15 18:07:08.494 [restartedMain] INFO  com.SpringbootWebApplication - Starting SpringbootWebApplication on localhost with PID 9173 (/Users/chenchao/Downloads/cloudH/java学习资料/springboot-web/target/classes started by chenchao in /Users/chenchao/Downloads/cloudH/java学习资料/springboot-web)
2020-06-15 18:07:08.501 [restartedMain] INFO  com.SpringbootWebApplication - No active profile set, falling back to default profiles: default
2020-06-15 18:07:08.660 [restartedMain] INFO  org.springframework.boot.devtools.env.DevToolsPropertyDefaultsPostProcessor - Devtools property defaults active! Set 'spring.devtools.add-properties' to 'false' to disable
2020-06-15 18:07:08.661 [restartedMain] INFO  org.springframework.boot.devtools.env.DevToolsPropertyDefaultsPostProcessor - For additional web related logging consider setting the 'logging.level.web' property to 'DEBUG'
2020-06-15 18:07:16.385 [restartedMain] INFO  org.springframework.data.repository.config.RepositoryConfigurationDelegate - Bootstrapping Spring Data JPA repositories in DEFERRED mode.
2020-06-15 18:07:17.534 [restartedMain] INFO  org.springframework.data.repository.config.RepositoryConfigurationDelegate - Finished Spring Data repository scanning in 1135ms. Found 1 JPA repository interfaces.
2020-06-15 18:07:18.699 [restartedMain] INFO  org.springframework.boot.web.embedded.tomcat.TomcatWebServer - Tomcat initialized with port(s): 8082 (http)
2020-06-15 18:07:18.714 [restartedMain] INFO  org.apache.coyote.http11.Http11NioProtocol - Initializing ProtocolHandler ["http-nio-8082"]
2020-06-15 18:07:18.715 [restartedMain] INFO  org.apache.catalina.core.StandardService - Starting service [Tomcat]
2020-06-15 18:07:18.715 [restartedMain] INFO  org.apache.catalina.core.StandardEngine - Starting Servlet engine: [Apache Tomcat/9.0.35]
2020-06-15 18:07:18.881 [restartedMain] INFO  org.apache.catalina.core.ContainerBase.[Tomcat].[localhost].[/] - Initializing Spring embedded WebApplicationContext
2020-06-15 18:07:18.882 [restartedMain] INFO  org.springframework.web.context.ContextLoader - Root WebApplicationContext: initialization completed in 10221 ms
2020-06-15 18:07:19.281 [restartedMain] INFO  org.springframework.scheduling.concurrent.ThreadPoolTaskExecutor - Initializing ExecutorService 'applicationTaskExecutor'
2020-06-15 18:07:19.560 [task-1] INFO  org.hibernate.jpa.internal.util.LogHelper - HHH000204: Processing PersistenceUnitInfo [name: default]
2020-06-15 18:07:19.655 [task-1] INFO  org.hibernate.Version - HHH000412: Hibernate ORM core version 5.4.15.Final
2020-06-15 18:07:20.090 [task-1] INFO  org.hibernate.annotations.common.Version - HCANN000001: Hibernate Commons Annotations {5.1.0.Final}
2020-06-15 18:07:20.391 [task-1] INFO  com.zaxxer.hikari.HikariDataSource - HikariPool-1 - Starting...
2020-06-15 18:07:21.346 [task-1] INFO  com.zaxxer.hikari.HikariDataSource - HikariPool-1 - Start completed.
2020-06-15 18:07:21.382 [task-1] INFO  org.hibernate.dialect.Dialect - HHH000400: Using dialect: org.hibernate.dialect.MySQL8Dialect
2020-06-15 18:07:22.569 [task-1] INFO  org.hibernate.engine.transaction.jta.platform.internal.JtaPlatformInitiator - HHH000490: Using JtaPlatform implementation: [org.hibernate.engine.transaction.jta.platform.internal.NoJtaPlatform]
2020-06-15 18:07:22.582 [task-1] INFO  org.springframework.orm.jpa.LocalContainerEntityManagerFactoryBean - Initialized JPA EntityManagerFactory for persistence unit 'default'
2020-06-15 18:07:23.197 [task-2] INFO  org.springframework.boot.devtools.autoconfigure.OptionalLiveReloadServer - LiveReload server is running on port 35729
2020-06-15 18:07:23.458 [restartedMain] INFO  springfox.documentation.spring.web.PropertySourcedRequestMappingHandlerMapping - Mapped URL path [/v2/api-docs] onto method [springfox.documentation.swagger2.web.Swagger2Controller#getDocumentation(String, HttpServletRequest)]
2020-06-15 18:07:23.832 [restartedMain] INFO  org.apache.coyote.http11.Http11NioProtocol - Starting ProtocolHandler ["http-nio-8082"]
2020-06-15 18:07:23.878 [restartedMain] INFO  org.springframework.boot.web.embedded.tomcat.TomcatWebServer - Tomcat started on port(s): 8082 (http) with context path ''
2020-06-15 18:07:23.881 [restartedMain] INFO  springfox.documentation.spring.web.plugins.DocumentationPluginsBootstrapper - Context refreshed
2020-06-15 18:07:23.906 [restartedMain] INFO  springfox.documentation.spring.web.plugins.DocumentationPluginsBootstrapper - Found 1 custom documentation plugin(s)
2020-06-15 18:07:23.956 [restartedMain] INFO  springfox.documentation.spring.web.scanners.ApiListingReferenceScanner - Scanning for api listing references
2020-06-15 18:07:24.242 [restartedMain] INFO  springfox.documentation.spring.web.readers.operation.CachingOperationNameGenerator - Generating unique operation named: selectListUsingPOST_1
2020-06-15 18:07:24.269 [restartedMain] INFO  org.springframework.data.repository.config.DeferredRepositoryInitializationListener - Triggering deferred initialization of Spring Data repositories…
2020-06-15 18:07:24.270 [restartedMain] INFO  org.springframework.data.repository.config.DeferredRepositoryInitializationListener - Spring Data repositories initialized!
2020-06-15 18:07:24.288 [restartedMain] INFO  com.SpringbootWebApplication - Started SpringbootWebApplication in 17.507 seconds (JVM running for 20.279)
2020-06-15 18:08:17.529 [http-nio-8082-exec-1] INFO  org.apache.catalina.core.ContainerBase.[Tomcat].[localhost].[/] - Initializing Spring DispatcherServlet 'dispatcherServlet'
2020-06-15 18:08:17.534 [http-nio-8082-exec-1] INFO  org.springframework.web.servlet.DispatcherServlet - Initializing Servlet 'dispatcherServlet'
2020-06-15 18:08:17.575 [http-nio-8082-exec-1] INFO  org.springframework.web.servlet.DispatcherServlet - Completed initialization in 40 ms
2020-06-15 18:08:17.632 [http-nio-8082-exec-1] INFO  com.intercept.LoginInterceptor - id:1
2020-06-15 18:08:17.633 [http-nio-8082-exec-1] INFO  com.intercept.LoginInterceptor - name:test_name
2020-06-15 18:08:18.213 [http-nio-8082-exec-2] INFO  com.intercept.LoginInterceptor - id:1
2020-06-15 18:08:18.213 [http-nio-8082-exec-2] INFO  com.intercept.LoginInterceptor - name:test_name
2020-06-15 18:08:18.791 [http-nio-8082-exec-3] INFO  com.intercept.LoginInterceptor - id:1
2020-06-15 18:08:18.792 [http-nio-8082-exec-3] INFO  com.intercept.LoginInterceptor - name:test_name
2020-06-15 18:09:56.697 [Thread-210] INFO  org.springframework.orm.jpa.LocalContainerEntityManagerFactoryBean - Closing JPA EntityManagerFactory for persistence unit 'default'
2020-06-15 18:09:56.710 [Thread-210] INFO  org.springframework.scheduling.concurrent.ThreadPoolTaskExecutor - Shutting down ExecutorService 'applicationTaskExecutor'
2020-06-15 18:09:56.717 [Thread-210] INFO  com.zaxxer.hikari.HikariDataSource - HikariPool-1 - Shutdown initiated...
2020-06-15 18:09:56.725 [Thread-210] INFO  com.zaxxer.hikari.HikariDataSource - HikariPool-1 - Shutdown completed.
2020-06-15 18:09:57.571 [restartedMain] INFO  com.SpringbootWebApplication - Starting SpringbootWebApplication on localhost with PID 9173 (/Users/chenchao/Downloads/cloudH/java学习资料/springboot-web/target/classes started by chenchao in /Users/chenchao/Downloads/cloudH/java学习资料/springboot-web)
2020-06-15 18:09:57.572 [restartedMain] INFO  com.SpringbootWebApplication - No active profile set, falling back to default profiles: default
2020-06-15 18:10:05.428 [main] INFO  com.cloudgate.springbootweb.SpringbootWebApplicationTests - Starting SpringbootWebApplicationTests on localhost with PID 9243 (started by chenchao in /Users/chenchao/Downloads/cloudH/java学习资料/springboot-web)
2020-06-15 18:10:05.430 [main] INFO  com.cloudgate.springbootweb.SpringbootWebApplicationTests - No active profile set, falling back to default profiles: default
2020-06-15 18:10:15.800 [restartedMain] INFO  org.springframework.data.repository.config.RepositoryConfigurationDelegate - Bootstrapping Spring Data JPA repositories in DEFERRED mode.
2020-06-15 18:10:18.813 [main] INFO  org.springframework.data.repository.config.RepositoryConfigurationDelegate - Bootstrapping Spring Data JPA repositories in DEFERRED mode.
2020-06-15 18:10:18.900 [restartedMain] INFO  org.springframework.data.repository.config.RepositoryConfigurationDelegate - Finished Spring Data repository scanning in 3099ms. Found 1 JPA repository interfaces.
2020-06-15 18:10:19.697 [restartedMain] INFO  org.springframework.boot.web.embedded.tomcat.TomcatWebServer - Tomcat initialized with port(s): 8082 (http)
2020-06-15 18:10:19.698 [restartedMain] INFO  org.apache.coyote.http11.Http11NioProtocol - Initializing ProtocolHandler ["http-nio-8082"]
2020-06-15 18:10:19.698 [restartedMain] INFO  org.apache.catalina.core.StandardService - Starting service [Tomcat]
2020-06-15 18:10:19.699 [restartedMain] INFO  org.apache.catalina.core.StandardEngine - Starting Servlet engine: [Apache Tomcat/9.0.35]
2020-06-15 18:10:19.725 [restartedMain] INFO  org.apache.catalina.core.ContainerBase.[Tomcat].[localhost].[/] - Initializing Spring embedded WebApplicationContext
2020-06-15 18:10:19.725 [restartedMain] INFO  org.springframework.web.context.ContextLoader - Root WebApplicationContext: initialization completed in 22149 ms
2020-06-15 18:10:19.924 [restartedMain] INFO  org.springframework.scheduling.concurrent.ThreadPoolTaskExecutor - Initializing ExecutorService 'applicationTaskExecutor'
2020-06-15 18:10:21.008 [task-1] INFO  org.hibernate.jpa.internal.util.LogHelper - HHH000204: Processing PersistenceUnitInfo [name: default]
2020-06-15 18:10:21.114 [task-1] INFO  com.zaxxer.hikari.HikariDataSource - HikariPool-2 - Starting...
2020-06-15 18:10:21.159 [main] INFO  org.springframework.data.repository.config.RepositoryConfigurationDelegate - Finished Spring Data repository scanning in 2306ms. Found 1 JPA repository interfaces.
2020-06-15 18:10:21.288 [task-1] INFO  com.zaxxer.hikari.HikariDataSource - HikariPool-2 - Start completed.
2020-06-15 18:10:21.288 [task-1] INFO  org.hibernate.dialect.Dialect - HHH000400: Using dialect: org.hibernate.dialect.MySQL8Dialect
2020-06-15 18:10:21.617 [task-1] INFO  org.hibernate.engine.transaction.jta.platform.internal.JtaPlatformInitiator - HHH000490: Using JtaPlatform implementation: [org.hibernate.engine.transaction.jta.platform.internal.NoJtaPlatform]
2020-06-15 18:10:21.618 [task-1] INFO  org.springframework.orm.jpa.LocalContainerEntityManagerFactoryBean - Initialized JPA EntityManagerFactory for persistence unit 'default'
2020-06-15 18:10:21.706 [task-2] INFO  org.springframework.boot.devtools.autoconfigure.OptionalLiveReloadServer - LiveReload server is running on port 35729
2020-06-15 18:10:21.761 [restartedMain] INFO  springfox.documentation.spring.web.PropertySourcedRequestMappingHandlerMapping - Mapped URL path [/v2/api-docs] onto method [springfox.documentation.swagger2.web.Swagger2Controller#getDocumentation(String, HttpServletRequest)]
2020-06-15 18:10:22.266 [restartedMain] INFO  org.apache.coyote.http11.Http11NioProtocol - Starting ProtocolHandler ["http-nio-8082"]
2020-06-15 18:10:22.269 [restartedMain] INFO  org.springframework.boot.web.embedded.tomcat.TomcatWebServer - Tomcat started on port(s): 8082 (http) with context path ''
2020-06-15 18:10:22.270 [restartedMain] INFO  springfox.documentation.spring.web.plugins.DocumentationPluginsBootstrapper - Context refreshed
2020-06-15 18:10:22.271 [restartedMain] INFO  springfox.documentation.spring.web.plugins.DocumentationPluginsBootstrapper - Found 1 custom documentation plugin(s)
2020-06-15 18:10:22.287 [restartedMain] INFO  springfox.documentation.spring.web.scanners.ApiListingReferenceScanner - Scanning for api listing references
2020-06-15 18:10:22.288 [restartedMain] INFO  org.springframework.data.repository.config.DeferredRepositoryInitializationListener - Triggering deferred initialization of Spring Data repositories…
2020-06-15 18:10:22.332 [restartedMain] INFO  org.springframework.data.repository.config.DeferredRepositoryInitializationListener - Spring Data repositories initialized!
2020-06-15 18:10:22.342 [restartedMain] INFO  com.SpringbootWebApplication - Started SpringbootWebApplication in 24.855 seconds (JVM running for 198.335)
2020-06-15 18:10:22.346 [restartedMain] INFO  org.springframework.boot.devtools.autoconfigure.ConditionEvaluationDeltaLoggingListener - Condition evaluation unchanged
2020-06-15 18:10:23.405 [main] INFO  org.springframework.scheduling.concurrent.ThreadPoolTaskExecutor - Initializing ExecutorService 'applicationTaskExecutor'
2020-06-15 18:10:24.493 [task-1] INFO  org.hibernate.jpa.internal.util.LogHelper - HHH000204: Processing PersistenceUnitInfo [name: default]
2020-06-15 18:10:24.663 [task-1] INFO  org.hibernate.Version - HHH000412: Hibernate ORM core version 5.4.15.Final
2020-06-15 18:10:25.245 [task-1] INFO  org.hibernate.annotations.common.Version - HCANN000001: Hibernate Commons Annotations {5.1.0.Final}
2020-06-15 18:10:25.851 [task-1] INFO  com.zaxxer.hikari.HikariDataSource - HikariPool-1 - Starting...
2020-06-15 18:10:27.062 [task-1] INFO  com.zaxxer.hikari.HikariDataSource - HikariPool-1 - Start completed.
2020-06-15 18:10:27.151 [task-1] INFO  org.hibernate.dialect.Dialect - HHH000400: Using dialect: org.hibernate.dialect.MySQL8Dialect
2020-06-15 18:10:29.188 [task-1] INFO  org.hibernate.engine.transaction.jta.platform.internal.JtaPlatformInitiator - HHH000490: Using JtaPlatform implementation: [org.hibernate.engine.transaction.jta.platform.internal.NoJtaPlatform]
2020-06-15 18:10:29.245 [task-1] INFO  org.springframework.orm.jpa.LocalContainerEntityManagerFactoryBean - Initialized JPA EntityManagerFactory for persistence unit 'default'
2020-06-15 18:10:31.623 [main] INFO  springfox.documentation.spring.web.PropertySourcedRequestMappingHandlerMapping - Mapped URL path [/v2/api-docs] onto method [springfox.documentation.swagger2.web.Swagger2Controller#getDocumentation(String, HttpServletRequest)]
2020-06-15 18:10:33.391 [main] INFO  springfox.documentation.spring.web.plugins.DocumentationPluginsBootstrapper - Context refreshed
2020-06-15 18:10:33.437 [main] INFO  springfox.documentation.spring.web.plugins.DocumentationPluginsBootstrapper - Found 1 custom documentation plugin(s)
2020-06-15 18:10:33.484 [main] INFO  springfox.documentation.spring.web.scanners.ApiListingReferenceScanner - Scanning for api listing references
2020-06-15 18:10:33.947 [main] INFO  springfox.documentation.spring.web.readers.operation.CachingOperationNameGenerator - Generating unique operation named: selectListUsingPOST_1
2020-06-15 18:10:33.990 [main] INFO  org.springframework.data.repository.config.DeferredRepositoryInitializationListener - Triggering deferred initialization of Spring Data repositories…
2020-06-15 18:10:33.991 [main] INFO  org.springframework.data.repository.config.DeferredRepositoryInitializationListener - Spring Data repositories initialized!
2020-06-15 18:10:34.090 [main] INFO  com.cloudgate.springbootweb.SpringbootWebApplicationTests - Started SpringbootWebApplicationTests in 30.393 seconds (JVM running for 33.165)
2020-06-15 18:10:34.727 [SpringContextShutdownHook] INFO  org.springframework.orm.jpa.LocalContainerEntityManagerFactoryBean - Closing JPA EntityManagerFactory for persistence unit 'default'
2020-06-15 18:10:34.745 [SpringContextShutdownHook] INFO  org.springframework.scheduling.concurrent.ThreadPoolTaskExecutor - Shutting down ExecutorService 'applicationTaskExecutor'
2020-06-15 18:10:34.746 [SpringContextShutdownHook] INFO  com.zaxxer.hikari.HikariDataSource - HikariPool-1 - Shutdown initiated...
2020-06-15 18:10:34.756 [SpringContextShutdownHook] INFO  com.zaxxer.hikari.HikariDataSource - HikariPool-1 - Shutdown completed.
2020-06-15 18:16:31.598 [Thread-220] INFO  org.springframework.orm.jpa.LocalContainerEntityManagerFactoryBean - Closing JPA EntityManagerFactory for persistence unit 'default'
2020-06-15 18:16:31.625 [Thread-220] INFO  org.springframework.scheduling.concurrent.ThreadPoolTaskExecutor - Shutting down ExecutorService 'applicationTaskExecutor'
2020-06-15 18:16:31.626 [Thread-220] INFO  com.zaxxer.hikari.HikariDataSource - HikariPool-2 - Shutdown initiated...
2020-06-15 18:16:31.636 [Thread-220] INFO  com.zaxxer.hikari.HikariDataSource - HikariPool-2 - Shutdown completed.
2020-06-15 18:16:32.762 [restartedMain] INFO  com.SpringbootWebApplication - Starting SpringbootWebApplication on localhost with PID 9173 (/Users/chenchao/Downloads/cloudH/java学习资料/springboot-web/target/classes started by chenchao in /Users/chenchao/Downloads/cloudH/java学习资料/springboot-web)
2020-06-15 18:16:32.762 [restartedMain] INFO  com.SpringbootWebApplication - No active profile set, falling back to default profiles: default
2020-06-15 18:16:42.610 [restartedMain] INFO  org.springframework.data.repository.config.RepositoryConfigurationDelegate - Bootstrapping Spring Data JPA repositories in DEFERRED mode.
2020-06-15 18:16:44.161 [restartedMain] INFO  org.springframework.data.repository.config.RepositoryConfigurationDelegate - Finished Spring Data repository scanning in 1547ms. Found 1 JPA repository interfaces.
2020-06-15 18:16:44.925 [restartedMain] INFO  org.springframework.boot.web.embedded.tomcat.TomcatWebServer - Tomcat initialized with port(s): 8082 (http)
2020-06-15 18:16:44.927 [restartedMain] INFO  org.apache.coyote.http11.Http11NioProtocol - Initializing ProtocolHandler ["http-nio-8082"]
2020-06-15 18:16:44.927 [restartedMain] INFO  org.apache.catalina.core.StandardService - Starting service [Tomcat]
2020-06-15 18:16:44.928 [restartedMain] INFO  org.apache.catalina.core.StandardEngine - Starting Servlet engine: [Apache Tomcat/9.0.35]
2020-06-15 18:16:44.994 [restartedMain] INFO  org.apache.catalina.core.ContainerBase.[Tomcat].[localhost].[/] - Initializing Spring embedded WebApplicationContext
2020-06-15 18:16:44.994 [restartedMain] INFO  org.springframework.web.context.ContextLoader - Root WebApplicationContext: initialization completed in 12226 ms
2020-06-15 18:16:45.059 [restartedMain] INFO  org.springframework.scheduling.concurrent.ThreadPoolTaskExecutor - Initializing ExecutorService 'applicationTaskExecutor'
2020-06-15 18:16:45.381 [task-1] INFO  org.hibernate.jpa.internal.util.LogHelper - HHH000204: Processing PersistenceUnitInfo [name: default]
2020-06-15 18:16:45.436 [task-1] INFO  com.zaxxer.hikari.HikariDataSource - HikariPool-3 - Starting...
2020-06-15 18:16:45.567 [task-1] INFO  com.zaxxer.hikari.HikariDataSource - HikariPool-3 - Start completed.
2020-06-15 18:16:45.569 [task-1] INFO  org.hibernate.dialect.Dialect - HHH000400: Using dialect: org.hibernate.dialect.MySQL8Dialect
2020-06-15 18:16:45.725 [task-1] INFO  org.hibernate.engine.transaction.jta.platform.internal.JtaPlatformInitiator - HHH000490: Using JtaPlatform implementation: [org.hibernate.engine.transaction.jta.platform.internal.NoJtaPlatform]
2020-06-15 18:16:45.733 [task-1] INFO  org.springframework.orm.jpa.LocalContainerEntityManagerFactoryBean - Initialized JPA EntityManagerFactory for persistence unit 'default'
2020-06-15 18:16:45.818 [task-2] INFO  org.springframework.boot.devtools.autoconfigure.OptionalLiveReloadServer - LiveReload server is running on port 35729
2020-06-15 18:16:45.954 [restartedMain] INFO  springfox.documentation.spring.web.PropertySourcedRequestMappingHandlerMapping - Mapped URL path [/v2/api-docs] onto method [springfox.documentation.swagger2.web.Swagger2Controller#getDocumentation(String, HttpServletRequest)]
2020-06-15 18:16:46.133 [restartedMain] INFO  org.apache.coyote.http11.Http11NioProtocol - Starting ProtocolHandler ["http-nio-8082"]
2020-06-15 18:16:46.138 [restartedMain] INFO  org.springframework.boot.web.embedded.tomcat.TomcatWebServer - Tomcat started on port(s): 8082 (http) with context path ''
2020-06-15 18:16:46.139 [restartedMain] INFO  springfox.documentation.spring.web.plugins.DocumentationPluginsBootstrapper - Context refreshed
2020-06-15 18:16:46.141 [restartedMain] INFO  springfox.documentation.spring.web.plugins.DocumentationPluginsBootstrapper - Found 1 custom documentation plugin(s)
2020-06-15 18:16:46.156 [restartedMain] INFO  springfox.documentation.spring.web.scanners.ApiListingReferenceScanner - Scanning for api listing references
2020-06-15 18:16:46.236 [restartedMain] INFO  springfox.documentation.spring.web.readers.operation.CachingOperationNameGenerator - Generating unique operation named: selectListUsingPOST_1
2020-06-15 18:16:46.243 [restartedMain] INFO  org.springframework.data.repository.config.DeferredRepositoryInitializationListener - Triggering deferred initialization of Spring Data repositories…
2020-06-15 18:16:46.244 [restartedMain] INFO  org.springframework.data.repository.config.DeferredRepositoryInitializationListener - Spring Data repositories initialized!
2020-06-15 18:16:46.252 [restartedMain] INFO  com.SpringbootWebApplication - Started SpringbootWebApplication in 13.576 seconds (JVM running for 582.242)
2020-06-15 18:16:46.256 [restartedMain] INFO  org.springframework.boot.devtools.autoconfigure.ConditionEvaluationDeltaLoggingListener - Condition evaluation unchanged
2020-06-15 18:21:33.038 [Thread-396] INFO  org.springframework.orm.jpa.LocalContainerEntityManagerFactoryBean - Closing JPA EntityManagerFactory for persistence unit 'default'
2020-06-15 18:21:33.043 [Thread-396] INFO  org.springframework.scheduling.concurrent.ThreadPoolTaskExecutor - Shutting down ExecutorService 'applicationTaskExecutor'
2020-06-15 18:21:33.043 [Thread-396] INFO  com.zaxxer.hikari.HikariDataSource - HikariPool-3 - Shutdown initiated...
2020-06-15 18:21:33.056 [Thread-396] INFO  com.zaxxer.hikari.HikariDataSource - HikariPool-3 - Shutdown completed.
2020-06-15 18:21:33.925 [restartedMain] INFO  com.SpringbootWebApplication - Starting SpringbootWebApplication on localhost with PID 9173 (/Users/chenchao/Downloads/cloudH/java学习资料/springboot-web/target/classes started by chenchao in /Users/chenchao/Downloads/cloudH/java学习资料/springboot-web)
2020-06-15 18:21:33.925 [restartedMain] INFO  com.SpringbootWebApplication - No active profile set, falling back to default profiles: default
2020-06-15 18:21:47.115 [restartedMain] INFO  org.springframework.data.repository.config.RepositoryConfigurationDelegate - Bootstrapping Spring Data JPA repositories in DEFERRED mode.
2020-06-15 18:21:48.524 [restartedMain] INFO  org.springframework.data.repository.config.RepositoryConfigurationDelegate - Finished Spring Data repository scanning in 1407ms. Found 1 JPA repository interfaces.
2020-06-15 18:21:49.529 [restartedMain] INFO  org.springframework.boot.web.embedded.tomcat.TomcatWebServer - Tomcat initialized with port(s): 8082 (http)
2020-06-15 18:21:49.531 [restartedMain] INFO  org.apache.coyote.http11.Http11NioProtocol - Initializing ProtocolHandler ["http-nio-8082"]
2020-06-15 18:21:49.531 [restartedMain] INFO  org.apache.catalina.core.StandardService - Starting service [Tomcat]
2020-06-15 18:21:49.531 [restartedMain] INFO  org.apache.catalina.core.StandardEngine - Starting Servlet engine: [Apache Tomcat/9.0.35]
2020-06-15 18:21:49.551 [restartedMain] INFO  org.apache.catalina.core.ContainerBase.[Tomcat].[localhost].[/] - Initializing Spring embedded WebApplicationContext
2020-06-15 18:21:49.552 [restartedMain] INFO  org.springframework.web.context.ContextLoader - Root WebApplicationContext: initialization completed in 15596 ms
2020-06-15 18:21:49.640 [restartedMain] INFO  org.springframework.scheduling.concurrent.ThreadPoolTaskExecutor - Initializing ExecutorService 'applicationTaskExecutor'
2020-06-15 18:21:50.002 [task-1] INFO  org.hibernate.jpa.internal.util.LogHelper - HHH000204: Processing PersistenceUnitInfo [name: default]
2020-06-15 18:21:50.041 [task-1] INFO  com.zaxxer.hikari.HikariDataSource - HikariPool-4 - Starting...
2020-06-15 18:21:50.174 [task-1] INFO  com.zaxxer.hikari.HikariDataSource - HikariPool-4 - Start completed.
2020-06-15 18:21:50.175 [task-1] INFO  org.hibernate.dialect.Dialect - HHH000400: Using dialect: org.hibernate.dialect.MySQL8Dialect
2020-06-15 18:21:50.357 [task-1] INFO  org.hibernate.engine.transaction.jta.platform.internal.JtaPlatformInitiator - HHH000490: Using JtaPlatform implementation: [org.hibernate.engine.transaction.jta.platform.internal.NoJtaPlatform]
2020-06-15 18:21:50.358 [task-1] INFO  org.springframework.orm.jpa.LocalContainerEntityManagerFactoryBean - Initialized JPA EntityManagerFactory for persistence unit 'default'
2020-06-15 18:21:50.522 [task-2] INFO  org.springframework.boot.devtools.autoconfigure.OptionalLiveReloadServer - LiveReload server is running on port 35729
2020-06-15 18:21:50.549 [restartedMain] INFO  org.springframework.orm.jpa.LocalContainerEntityManagerFactoryBean - Closing JPA EntityManagerFactory for persistence unit 'default'
2020-06-15 18:21:50.560 [restartedMain] INFO  org.springframework.scheduling.concurrent.ThreadPoolTaskExecutor - Shutting down ExecutorService 'applicationTaskExecutor'
2020-06-15 18:21:50.560 [restartedMain] INFO  com.zaxxer.hikari.HikariDataSource - HikariPool-4 - Shutdown initiated...
2020-06-15 18:21:50.652 [restartedMain] INFO  com.zaxxer.hikari.HikariDataSource - HikariPool-4 - Shutdown completed.
2020-06-15 18:21:50.653 [restartedMain] INFO  org.apache.catalina.core.StandardService - Stopping service [Tomcat]
2020-06-15 18:28:28.158 [restartedMain] INFO  com.SpringbootWebApplication - Starting SpringbootWebApplication on localhost with PID 9173 (/Users/chenchao/Downloads/cloudH/java学习资料/springboot-web/target/classes started by chenchao in /Users/chenchao/Downloads/cloudH/java学习资料/springboot-web)
2020-06-15 18:28:28.159 [restartedMain] INFO  com.SpringbootWebApplication - No active profile set, falling back to default profiles: default
2020-06-15 18:28:44.283 [restartedMain] INFO  org.springframework.data.repository.config.RepositoryConfigurationDelegate - Bootstrapping Spring Data JPA repositories in DEFERRED mode.
2020-06-15 18:28:48.961 [restartedMain] INFO  org.springframework.data.repository.config.RepositoryConfigurationDelegate - Finished Spring Data repository scanning in 4662ms. Found 1 JPA repository interfaces.
2020-06-15 18:28:49.659 [restartedMain] INFO  org.springframework.boot.web.embedded.tomcat.TomcatWebServer - Tomcat initialized with port(s): 8082 (http)
2020-06-15 18:28:49.661 [restartedMain] INFO  org.apache.coyote.http11.Http11NioProtocol - Initializing ProtocolHandler ["http-nio-8082"]
2020-06-15 18:28:49.663 [restartedMain] INFO  org.apache.catalina.core.StandardService - Starting service [Tomcat]
2020-06-15 18:28:49.663 [restartedMain] INFO  org.apache.catalina.core.StandardEngine - Starting Servlet engine: [Apache Tomcat/9.0.35]
2020-06-15 18:28:49.680 [restartedMain] INFO  org.apache.catalina.core.ContainerBase.[Tomcat-1].[localhost].[/] - Initializing Spring embedded WebApplicationContext
2020-06-15 18:28:49.680 [restartedMain] INFO  org.springframework.web.context.ContextLoader - Root WebApplicationContext: initialization completed in 21509 ms
2020-06-15 18:28:49.815 [restartedMain] INFO  org.springframework.scheduling.concurrent.ThreadPoolTaskExecutor - Initializing ExecutorService 'applicationTaskExecutor'
2020-06-15 18:28:51.114 [task-1] INFO  org.hibernate.jpa.internal.util.LogHelper - HHH000204: Processing PersistenceUnitInfo [name: default]
2020-06-15 18:28:51.161 [task-1] INFO  com.zaxxer.hikari.HikariDataSource - HikariPool-5 - Starting...
2020-06-15 18:28:51.315 [task-1] INFO  com.zaxxer.hikari.HikariDataSource - HikariPool-5 - Start completed.
2020-06-15 18:28:51.316 [task-1] INFO  org.hibernate.dialect.Dialect - HHH000400: Using dialect: org.hibernate.dialect.MySQL8Dialect
2020-06-15 18:28:51.421 [task-1] INFO  org.hibernate.engine.transaction.jta.platform.internal.JtaPlatformInitiator - HHH000490: Using JtaPlatform implementation: [org.hibernate.engine.transaction.jta.platform.internal.NoJtaPlatform]
2020-06-15 18:28:51.421 [task-1] INFO  org.springframework.orm.jpa.LocalContainerEntityManagerFactoryBean - Initialized JPA EntityManagerFactory for persistence unit 'default'
2020-06-15 18:28:51.574 [task-2] INFO  org.springframework.boot.devtools.autoconfigure.OptionalLiveReloadServer - LiveReload server is running on port 35729
2020-06-15 18:28:51.668 [restartedMain] INFO  org.springframework.orm.jpa.LocalContainerEntityManagerFactoryBean - Closing JPA EntityManagerFactory for persistence unit 'default'
2020-06-15 18:28:51.669 [restartedMain] INFO  org.springframework.scheduling.concurrent.ThreadPoolTaskExecutor - Shutting down ExecutorService 'applicationTaskExecutor'
2020-06-15 18:28:51.669 [restartedMain] INFO  com.zaxxer.hikari.HikariDataSource - HikariPool-5 - Shutdown initiated...
2020-06-15 18:28:51.720 [restartedMain] INFO  com.zaxxer.hikari.HikariDataSource - HikariPool-5 - Shutdown completed.
2020-06-15 18:28:51.721 [restartedMain] INFO  org.apache.catalina.core.StandardService - Stopping service [Tomcat]
