2020-06-16 09:51:20.488 [main] INFO  com.cloudgate.springbootweb.SpringbootWebApplicationTests - Starting SpringbootWebApplicationTests on localhost with PID 11526 (started by chenchao in /Users/chenchao/Downloads/cloudH/java学习资料/springboot-web)
2020-06-16 09:51:20.495 [main] INFO  com.cloudgate.springbootweb.SpringbootWebApplicationTests - No active profile set, falling back to default profiles: default
2020-06-16 09:51:29.804 [main] INFO  org.springframework.data.repository.config.RepositoryConfigurationDelegate - Bootstrapping Spring Data JPA repositories in DEFERRED mode.
2020-06-16 09:51:31.626 [main] INFO  org.springframework.data.repository.config.RepositoryConfigurationDelegate - Finished Spring Data repository scanning in 1790ms. Found 1 JPA repository interfaces.
2020-06-16 09:51:33.373 [main] INFO  org.springframework.scheduling.concurrent.ThreadPoolTaskExecutor - Initializing ExecutorService 'applicationTaskExecutor'
2020-06-16 09:51:34.035 [task-1] INFO  org.hibernate.jpa.internal.util.LogHelper - HHH000204: Processing PersistenceUnitInfo [name: default]
2020-06-16 09:51:34.162 [task-1] INFO  org.hibernate.Version - HHH000412: Hibernate ORM core version 5.4.15.Final
2020-06-16 09:51:34.572 [task-1] INFO  org.hibernate.annotations.common.Version - HCANN000001: Hibernate Commons Annotations {5.1.0.Final}
2020-06-16 09:51:34.899 [task-1] INFO  com.zaxxer.hikari.HikariDataSource - HikariPool-1 - Starting...
2020-06-16 09:51:37.709 [task-1] INFO  com.zaxxer.hikari.HikariDataSource - HikariPool-1 - Start completed.
2020-06-16 09:51:37.780 [task-1] INFO  org.hibernate.dialect.Dialect - HHH000400: Using dialect: org.hibernate.dialect.MySQL8Dialect
2020-06-16 09:51:39.602 [task-1] INFO  org.hibernate.engine.transaction.jta.platform.internal.JtaPlatformInitiator - HHH000490: Using JtaPlatform implementation: [org.hibernate.engine.transaction.jta.platform.internal.NoJtaPlatform]
2020-06-16 09:51:39.617 [task-1] INFO  org.springframework.orm.jpa.LocalContainerEntityManagerFactoryBean - Initialized JPA EntityManagerFactory for persistence unit 'default'
2020-06-16 09:51:41.596 [main] INFO  springfox.documentation.spring.web.PropertySourcedRequestMappingHandlerMapping - Mapped URL path [/v2/api-docs] onto method [springfox.documentation.swagger2.web.Swagger2Controller#getDocumentation(String, HttpServletRequest)]
2020-06-16 09:51:42.950 [main] INFO  springfox.documentation.spring.web.plugins.DocumentationPluginsBootstrapper - Context refreshed
2020-06-16 09:51:43.053 [main] INFO  springfox.documentation.spring.web.plugins.DocumentationPluginsBootstrapper - Found 1 custom documentation plugin(s)
2020-06-16 09:51:43.115 [main] INFO  springfox.documentation.spring.web.scanners.ApiListingReferenceScanner - Scanning for api listing references
2020-06-16 09:51:43.542 [main] INFO  springfox.documentation.spring.web.readers.operation.CachingOperationNameGenerator - Generating unique operation named: selectListUsingPOST_1
2020-06-16 09:51:43.572 [main] INFO  org.springframework.data.repository.config.DeferredRepositoryInitializationListener - Triggering deferred initialization of Spring Data repositories…
2020-06-16 09:51:43.574 [main] INFO  org.springframework.data.repository.config.DeferredRepositoryInitializationListener - Spring Data repositories initialized!
2020-06-16 09:51:43.600 [main] INFO  com.cloudgate.springbootweb.SpringbootWebApplicationTests - Started SpringbootWebApplicationTests in 24.247 seconds (JVM running for 26.55)
2020-06-16 09:51:43.905 [SpringContextShutdownHook] INFO  org.springframework.orm.jpa.LocalContainerEntityManagerFactoryBean - Closing JPA EntityManagerFactory for persistence unit 'default'
2020-06-16 09:51:43.907 [SpringContextShutdownHook] INFO  org.springframework.scheduling.concurrent.ThreadPoolTaskExecutor - Shutting down ExecutorService 'applicationTaskExecutor'
2020-06-16 09:51:43.908 [SpringContextShutdownHook] INFO  com.zaxxer.hikari.HikariDataSource - HikariPool-1 - Shutdown initiated...
2020-06-16 09:51:43.920 [SpringContextShutdownHook] INFO  com.zaxxer.hikari.HikariDataSource - HikariPool-1 - Shutdown completed.
